<?xml version="1.0" encoding="UTF-8"?>
<!-- Generated by org.testng.reporters.JUnitXMLReporter -->
<testsuite ignored="0" hostname="LAPTOP-OSKAP9QF" failures="0" tests="3" name="Chrome Test" time="72.334" errors="0" timestamp="2022-10-05T16:25:29 IST">
  <testcase classname="TestScript.ActitimePrintMessage" name="printMsg" time="5.389"/>
  <testcase classname="TestScript.ActitimeCreateCustomer" name="createCustomer" time="8.589"/>
  <testcase classname="TestScript.AlertHandling" name="AlertTpeOfWork" time="6.948"/>
</testsuite> <!-- Chrome Test -->
