<?xml version="1.0" encoding="UTF-8"?>
<!-- Generated by org.testng.reporters.JUnitXMLReporter -->
<testsuite ignored="0" hostname="LAPTOP-OSKAP9QF" failures="0" tests="3" name="Edge Test" time="73.278" errors="0" timestamp="2022-10-05T16:25:30 IST">
  <testcase classname="TestScript.ActitimePrintMessage" name="printMsg" time="5.634"/>
  <testcase classname="TestScript.ActitimeCreateCustomer" name="createCustomer" time="7.84"/>
  <testcase classname="TestScript.AlertHandling" name="AlertTpeOfWork" time="7.41"/>
</testsuite> <!-- Edge Test -->
